[2020-06-02 11:59:18.661] bahiavale INFO - sys.start@localhost - params: [controller:Dashboard]
[2020-06-02 11:59:23.442] bahiavale INFO - sys.start@localhost - params: [controller:rh, format:null, action:list]
[2020-06-02 11:59:24.017] bahiavale INFO - sys.start@localhost - params: [unidade_id:, _:1591109963903, controller:rh, format:null, action:listAllJSON]
[2020-06-02 11:59:24.918] bahiavale INFO - sys.start@localhost - params: [controller:rh, format:null, action:show, id:3]
[2020-06-02 11:59:26.927] bahiavale INFO - sys.start@localhost - params: [prgId:3, controller:rh, format:null, action:listEstabNaoVinculados]
[2020-06-02 11:59:26.928] bahiavale INFO - sys.start@localhost - params: [prgId:3, controller:rh, format:null, action:listEstabVinculados]
[2020-06-02 11:59:30.283] bahiavale INFO - sys.start@localhost - params: [controller:rh, format:null, action:edit, id:3]
[2020-06-02 11:59:55.174] bahiavale INFO - sys.start@localhost - params: [estado:PA, cidade:Belém, controller:endereco, format:null, action:filtrarCidadesPorEstado]
[2020-06-02 12:00:07.839] bahiavale INFO - sys.start@localhost - params: [id:3, version:2, action:index, cnpj:66.533.581/0001-35, nome:Acception Tecnologia Ltda, nomeFantasia:Acception Tecnologia, taxaPedido:2,00, validadeCarga:180, diasToleranciaAtraso:0, multaAtraso:0, jurosProRata:0, prazoPgtFatura:0, endereco.cep:66060-281, endereco:[cep:66060-281, logradouro:Avenida Governador Magalhães Barata, numero:842, complemento:, bairro:São Brás, cidade.estado.id:1, cidade:[estado.id:1, estado:[id:1], id:1], cidade.id:1], endereco.logradouro:Avenida Governador Magalhães Barata, endereco.numero:842, endereco.complemento:, endereco.bairro:São Brás, endereco.cidade.estado.id:1, endereco.cidade.id:1, telefone.ddd:91, telefone:[ddd:91, numero:99999-9999, ramal:], telefone.numero:99999-9999, telefone.ramal:, maximoTrnPorDia:0, diasInatividade:0, _action_update:, controller:rh, format:null]
[2020-06-02 12:00:07.990] bahiavale INFO - EMP #3 atualizada
[2020-06-02 12:00:08.054] bahiavale INFO - sys.start@localhost - params: [controller:rh, format:null, action:show, id:3]
[2020-06-02 12:00:08.406] bahiavale INFO - sys.start@localhost - params: [prgId:3, controller:rh, format:null, action:listEstabNaoVinculados]
[2020-06-02 12:00:08.408] bahiavale INFO - sys.start@localhost - params: [prgId:3, controller:rh, format:null, action:listEstabVinculados]
[2020-06-02 12:13:22.216] bahiavale INFO - sys.start@localhost - params: [controller:Dashboard]
[2020-06-02 12:13:29.072] bahiavale INFO - sys.start@localhost - params: [controller:rh, format:null, action:list]
[2020-06-02 12:13:29.619] bahiavale INFO - sys.start@localhost - params: [unidade_id:, _:1591110809545, controller:rh, format:null, action:listAllJSON]
[2020-06-02 12:13:31.199] bahiavale INFO - sys.start@localhost - params: [controller:rh, format:null, action:show, id:3]
[2020-06-02 12:13:32.800] bahiavale INFO - sys.start@localhost - params: [prgId:3, controller:rh, format:null, action:listEstabNaoVinculados]
[2020-06-02 12:13:32.801] bahiavale INFO - sys.start@localhost - params: [prgId:3, controller:rh, format:null, action:listEstabVinculados]
[2020-06-02 12:13:44.910] bahiavale INFO - sys.start@localhost - params: [controller:rh, format:null, action:edit, id:3]
[2020-06-02 12:13:54.560] bahiavale INFO - sys.start@localhost - params: [estado:PA, cidade:Belém, controller:endereco, format:null, action:filtrarCidadesPorEstado]
[2020-06-02 12:14:24.267] bahiavale INFO - sys.start@localhost - params: [id:3, version:4, action:index, cnpj:66.533.581/0001-35, nome:Acception Tecnologia Ltda, nomeFantasia:Acception Tecnologia, taxaPedido:2,00, validadeCarga:180, diasToleranciaAtraso:0, multaAtraso:0, jurosProRata:0, prazoPgtFatura:0, endereco.cep:66060-281, endereco:[cep:66060-281, logradouro:Avenida Governador Magalhães Barata, numero:842, complemento:Próximo ao Parque da Residência, bairro:São Brás, cidade.estado.id:1, cidade:[estado.id:1, estado:[id:1], id:1], cidade.id:1], endereco.logradouro:Avenida Governador Magalhães Barata, endereco.numero:842, endereco.complemento:Próximo ao Parque da Residência, endereco.bairro:São Brás, endereco.cidade.estado.id:1, endereco.cidade.id:1, telefone.ddd:91, telefone:[ddd:91, numero:99999-9999, ramal:], telefone.numero:99999-9999, telefone.ramal:, maximoTrnPorDia:0, diasInatividade:0, _action_update:, controller:rh, format:null]
[2020-06-02 12:14:24.470] bahiavale INFO - EMP #3 atualizada
[2020-06-02 12:14:24.537] bahiavale INFO - sys.start@localhost - params: [controller:rh, format:null, action:show, id:3]
[2020-06-02 12:14:24.921] bahiavale INFO - sys.start@localhost - params: [prgId:3, controller:rh, format:null, action:listEstabNaoVinculados]
[2020-06-02 12:14:24.922] bahiavale INFO - sys.start@localhost - params: [prgId:3, controller:rh, format:null, action:listEstabVinculados]
[2020-06-02 12:14:29.834] bahiavale INFO - sys.start@localhost - params: [controller:arquivo, format:null, action:list]
[2020-06-02 12:14:30.356] bahiavale INFO - sys.start@localhost - params: [unidade_id:, _:1591110870250, controller:arquivo, format:null, action:listAllJSON]
[2020-06-02 12:14:39.804] bahiavale INFO - sys.start@localhost - params: [controller:arquivo, format:null, action:regerarArquivo, id:7]
[2020-06-02 12:14:39.825] bahiavale INFO - Iniciando Regeração do Arquivo Embossing #7 ...
[2020-06-02 12:14:39.911] bahiavale INFO - Qtde Cartões Com Chip: 3
[2020-06-02 12:14:40.069] bahiavale INFO - Regeração finalizada!
[2020-06-02 12:14:40.111] bahiavale INFO - sys.start@localhost - params: [controller:arquivo, format:null, action:list]
[2020-06-02 12:14:40.368] bahiavale INFO - sys.start@localhost - params: [unidade_id:, _:1591110880305, controller:arquivo, format:null, action:listAllJSON]
[2020-06-02 12:14:43.815] bahiavale INFO - sys.start@localhost - params: [controller:arquivo, format:null, action:downloadFile, id:8]
